Epoch: 1 train_loss: 2.408651 train_acc: .239972 val_loss: 2.3471 val_acc: .271117
Epoch: 2 train_loss: 2.916162 train_acc: .256695 val_loss: 2.3311 val_acc: .269300
Epoch: 3 train_loss: 2.991087 train_acc: .265704 val_loss: 2.3476 val_acc: .284287
Epoch: 4 train_loss: 2.126759 train_acc: .279896 val_loss: 2.3008 val_acc: .290644
Epoch: 5 train_loss: 2.203012 train_acc: .287362 val_loss: 2.3579 val_acc: .281562
Epoch: 6 train_loss: 2.071263 train_acc: .293409 val_loss: 2.3637 val_acc: .284287
Epoch: 7 train_loss: 2.961835 train_acc: .303159 val_loss: 2.2310 val_acc: .328337
Epoch: 8 train_loss: 1.743987 train_acc: .302912 val_loss: 2.2795 val_acc: .297910
Epoch: 9 train_loss: 2.394923 train_acc: .309144 val_loss: 2.2338 val_acc: .326067
Epoch: 10 train_loss: 2.351260 train_acc: .313772 val_loss: 2.3306 val_acc: .297456
Epoch: 11 train_loss: 2.019405 train_acc: .321362 val_loss: 2.2576 val_acc: .311080
Epoch: 12 train_loss: 2.642542 train_acc: .322102 val_loss: 2.2198 val_acc: .339237
Epoch: 13 train_loss: 1.842206 train_acc: .327533 val_loss: 2.2908 val_acc: .316076
Epoch: 14 train_loss: 2.111199 train_acc: .327409 val_loss: 2.2203 val_acc: .322888
Epoch: 15 train_loss: 1.215998 train_acc: .335739 val_loss: 2.2720 val_acc: .315168
Epoch: 16 train_loss: 1.499568 train_acc: .335122 val_loss: 2.2027 val_acc: .322888
Epoch: 17 train_loss: 2.440809 train_acc: .340367 val_loss: 2.2586 val_acc: .308356
Epoch: 18 train_loss: 1.416550 train_acc: .337159 val_loss: 2.2086 val_acc: .319255
Epoch: 19 train_loss: 1.719168 train_acc: .345180 val_loss: 2.1898 val_acc: .338328
Epoch: 20 train_loss: 2.554785 train_acc: .339627 val_loss: 2.1694 val_acc: .340599
Epoch: 21 train_loss: 2.684320 train_acc: .354498 val_loss: 2.1520 val_acc: .353315
Epoch: 22 train_loss: 3.296867 train_acc: .355917 val_loss: 2.1108 val_acc: .357856
Epoch: 23 train_loss: 1.871367 train_acc: .354313 val_loss: 2.0751 val_acc: .370118
Epoch: 24 train_loss: 1.946382 train_acc: .355670 val_loss: 2.1626 val_acc: .335149
Epoch: 25 train_loss: 2.217026 train_acc: .361039 val_loss: 2.1220 val_acc: .351952
Epoch: 26 train_loss: 1.936805 train_acc: .361471 val_loss: 2.1869 val_acc: .333333
Epoch: 27 train_loss: 1.320048 train_acc: .365913 val_loss: 2.1365 val_acc: .347411
Epoch: 28 train_loss: 1.700422 train_acc: .368382 val_loss: 2.1814 val_acc: .341507
Epoch: 29 train_loss: 2.357033 train_acc: .373071 val_loss: 2.1596 val_acc: .347865
Epoch: 30 train_loss: 2.790764 train_acc: .369616 val_loss: 2.0679 val_acc: .360581
Epoch: 31 train_loss: 1.697038 train_acc: .373627 val_loss: 2.1084 val_acc: .361035
Epoch: 32 train_loss: 1.771224 train_acc: .375601 val_loss: 2.0542 val_acc: .377384
Epoch: 33 train_loss: 2.332874 train_acc: .379118 val_loss: 2.1965 val_acc: .307901
Epoch: 34 train_loss: 2.226601 train_acc: .377946 val_loss: 2.0662 val_acc: .379654
Epoch: 35 train_loss: 1.422554 train_acc: .385227 val_loss: 2.1147 val_acc: .354677
Epoch: 36 train_loss: 2.368145 train_acc: .387263 val_loss: 2.1703 val_acc: .331516
Epoch: 37 train_loss: 2.296156 train_acc: .392323 val_loss: 2.0439 val_acc: .374659
Epoch: 38 train_loss: 1.833879 train_acc: .387572 val_loss: 2.0358 val_acc: .377384
Epoch: 39 train_loss: 1.311541 train_acc: .390534 val_loss: 2.0092 val_acc: .382379
Epoch: 40 train_loss: 1.799965 train_acc: .391891 val_loss: 2.0127 val_acc: .381471
Epoch: 41 train_loss: 1.835754 train_acc: .392755 val_loss: 2.0518 val_acc: .372388
Epoch: 42 train_loss: 1.187568 train_acc: .397815 val_loss: 2.0081 val_acc: .378746
Epoch: 43 train_loss: 1.395362 train_acc: .398309 val_loss: 2.1441 val_acc: .327429
Epoch: 44 train_loss: 2.510548 train_acc: .400283 val_loss: 2.1510 val_acc: .330154
Epoch: 45 train_loss: 1.914954 train_acc: .403739 val_loss: 2.0363 val_acc: .378292
Epoch: 46 train_loss: 0.988113 train_acc: .401888 val_loss: 2.0000 val_acc: .383742
Epoch: 47 train_loss: 1.888088 train_acc: .406701 val_loss: 1.9737 val_acc: .394641
Epoch: 48 train_loss: 1.165766 train_acc: .403554 val_loss: 1.9829 val_acc: .389191
Epoch: 49 train_loss: 2.336555 train_acc: .409416 val_loss: 1.9991 val_acc: .370572
Epoch: 50 train_loss: 2.548204 train_acc: .410156 val_loss: 2.0768 val_acc: .363306
